<?xml version="1.0" encoding="UTF-8"?>
<testsuite xmlns:xsi="http://www.w3.org/2001/XMLSchema-instance" xsi:noNamespaceSchemaLocation="https://maven.apache.org/surefire/maven-surefire-plugin/xsd/surefire-test-report.xsd" name="TestSuite" time="28.243" tests="7" errors="0" skipped="5" failures="0">
  <properties>
    <property name="java.runtime.name" value="Java(TM) SE Runtime Environment"/>
    <property name="sun.boot.library.path" value="C:\Program Files\Java\jdk1.8.0_25\jre\bin"/>
    <property name="java.vm.version" value="25.25-b02"/>
    <property name="java.vm.vendor" value="Oracle Corporation"/>
    <property name="maven.multiModuleProjectDirectory" value="C:\Users\shahinrana\workspace\SourceProsUSA_New"/>
    <property name="java.vendor.url" value="http://java.oracle.com/"/>
    <property name="path.separator" value=";"/>
    <property name="guice.disable.misplaced.annotation.check" value="true"/>
    <property name="java.vm.name" value="Java HotSpot(TM) 64-Bit Server VM"/>
    <property name="file.encoding.pkg" value="sun.io"/>
    <property name="user.script" value=""/>
    <property name="user.country" value="US"/>
    <property name="sun.java.launcher" value="SUN_STANDARD"/>
    <property name="sun.os.patch.level" value="Service Pack 1"/>
    <property name="java.vm.specification.name" value="Java Virtual Machine Specification"/>
    <property name="user.dir" value="C:\Users\shahinrana\workspace\SourceProsUSA_New"/>
    <property name="java.runtime.version" value="1.8.0_25-b18"/>
    <property name="java.awt.graphicsenv" value="sun.awt.Win32GraphicsEnvironment"/>
    <property name="java.endorsed.dirs" value="C:\Program Files\Java\jdk1.8.0_25\jre\lib\endorsed"/>
    <property name="os.arch" value="amd64"/>
    <property name="java.io.tmpdir" value="C:\Users\SHAHIN~1\AppData\Local\Temp\"/>
    <property name="line.separator" value="&#10;"/>
    <property name="java.vm.specification.vendor" value="Oracle Corporation"/>
    <property name="user.variant" value=""/>
    <property name="os.name" value="Windows 7"/>
    <property name="classworlds.conf" value="C:\Users\shahinrana\workspace\.metadata\.plugins\org.eclipse.m2e.launching\launches\m2conf3910237114196573806.tmp"/>
    <property name="sun.jnu.encoding" value="Cp1252"/>
    <property name="java.library.path" value="C:\Program Files\Java\jdk1.8.0_25\bin;C:\Windows\Sun\Java\bin;C:\Windows\system32;C:\Windows;C:\ProgramData\Oracle\Java\javapath;C:\Program Files (x86)\AMD APP\bin\x86_64;C:\Program Files (x86)\AMD APP\bin\x86;C:\Windows\system32;C:\Windows;C:\Windows\System32\Wbem;C:\Windows\System32\WindowsPowerShell\v1.0\;C:\Program Files (x86)\AMD\ATI.ACE\Core-Static;C:\Program Files\Java\jdk1.8.0_25\bin;C:\Program Files\Java\jre1.8.0_25\bin;C:\Program Files (x86)\apache-maven-3.5.3\bin;C:\Program Files\Git\cmd;."/>
    <property name="java.specification.name" value="Java Platform API Specification"/>
    <property name="java.class.version" value="52.0"/>
    <property name="sun.management.compiler" value="HotSpot 64-Bit Tiered Compilers"/>
    <property name="os.version" value="6.1"/>
    <property name="user.home" value="C:\Users\shahinrana"/>
    <property name="user.timezone" value="America/New_York"/>
    <property name="java.awt.printerjob" value="sun.awt.windows.WPrinterJob"/>
    <property name="java.specification.version" value="1.8"/>
    <property name="file.encoding" value="Cp1252"/>
    <property name="user.name" value="shahinrana"/>
    <property name="java.class.path" value="/C:/Program Files/eclipse/plugins/org.eclipse.m2e.maven.runtime_1.6.2.20150902-0001/jars/plexus-classworlds-2.5.2.jar"/>
    <property name="java.vm.specification.version" value="1.8"/>
    <property name="sun.arch.data.model" value="64"/>
    <property name="java.home" value="C:\Program Files\Java\jdk1.8.0_25\jre"/>
    <property name="sun.java.command" value="org.codehaus.plexus.classworlds.launcher.Launcher -B test"/>
    <property name="java.specification.vendor" value="Oracle Corporation"/>
    <property name="user.language" value="en"/>
    <property name="awt.toolkit" value="sun.awt.windows.WToolkit"/>
    <property name="java.vm.info" value="mixed mode"/>
    <property name="java.version" value="1.8.0_25"/>
    <property name="java.ext.dirs" value="C:\Program Files\Java\jdk1.8.0_25\jre\lib\ext;C:\Windows\Sun\Java\lib\ext"/>
    <property name="sun.boot.class.path" value="C:\Program Files\Java\jdk1.8.0_25\jre\lib\resources.jar;C:\Program Files\Java\jdk1.8.0_25\jre\lib\rt.jar;C:\Program Files\Java\jdk1.8.0_25\jre\lib\sunrsasign.jar;C:\Program Files\Java\jdk1.8.0_25\jre\lib\jsse.jar;C:\Program Files\Java\jdk1.8.0_25\jre\lib\jce.jar;C:\Program Files\Java\jdk1.8.0_25\jre\lib\charsets.jar;C:\Program Files\Java\jdk1.8.0_25\jre\lib\jfr.jar;C:\Program Files\Java\jdk1.8.0_25\jre\classes"/>
    <property name="java.vendor" value="Oracle Corporation"/>
    <property name="maven.home" value="C:\Users\shahinrana\workspace\SourceProsUSA_New\EMBEDDED"/>
    <property name="file.separator" value="\"/>
    <property name="java.vendor.url.bug" value="http://bugreport.sun.com/bugreport/"/>
    <property name="sun.cpu.endian" value="little"/>
    <property name="sun.io.unicode.encoding" value="UnicodeLittle"/>
    <property name="sun.desktop" value="windows"/>
    <property name="sun.cpu.isalist" value="amd64"/>
  </properties>
  <testcase name="verifiyLoginWithDifferentRecords" classname="com.test.automation.UIAutomation.tests.VerifiyLoginWithDifferentRecords" time="4.402"/>
  <testcase name="verifiyLoginWithDifferentRecords" classname="com.test.automation.UIAutomation.tests.VerifiyLoginWithDifferentRecords" time="3.402"/>
  <testcase name="verifiyLoginWithDifferentRecords" classname="com.test.automation.UIAutomation.tests.VerifiyLoginWithDifferentRecords" time="0">
    <skipped message="Skipping this exception"/>
    <system-out><![CDATA[2018-06-26 03:02:43 INFO  VerifiyLoginWithDifferentRecords:42 - verifiyLoginWithDifferentRecords method skipped
]]></system-out>
  </testcase>
  <testcase name="verifiyLoginWithDifferentRecords" classname="com.test.automation.UIAutomation.tests.VerifiyLoginWithDifferentRecords" time="0">
    <skipped message="Skipping this exception"/>
    <system-out><![CDATA[2018-06-26 03:02:43 INFO  VerifiyLoginWithDifferentRecords:42 - verifiyLoginWithDifferentRecords method skipped
]]></system-out>
  </testcase>
  <testcase name="verifiyLoginWithDifferentRecords" classname="com.test.automation.UIAutomation.tests.VerifiyLoginWithDifferentRecords" time="0">
    <skipped message="Skipping this exception"/>
    <system-out><![CDATA[2018-06-26 03:02:43 INFO  VerifiyLoginWithDifferentRecords:42 - verifiyLoginWithDifferentRecords method skipped
]]></system-out>
  </testcase>
  <testcase name="verifiyLoginWithDifferentRecords" classname="com.test.automation.UIAutomation.tests.VerifiyLoginWithDifferentRecords" time="0">
    <skipped message="Skipping this exception"/>
    <system-out><![CDATA[2018-06-26 03:02:43 INFO  VerifiyLoginWithDifferentRecords:42 - verifiyLoginWithDifferentRecords method skipped
]]></system-out>
  </testcase>
  <testcase name="verifiyLoginWithDifferentRecords" classname="com.test.automation.UIAutomation.tests.VerifiyLoginWithDifferentRecords" time="0">
    <skipped message="Skipping this exception"/>
    <system-out><![CDATA[2018-06-26 03:02:43 INFO  VerifiyLoginWithDifferentRecords:42 - verifiyLoginWithDifferentRecords method skipped
]]></system-out>
  </testcase>
</testsuite>