<?xml version="1.0" encoding="UTF-8"?>
<!-- Generated by org.testng.reporters.JUnitReportReporter -->
<testsuite name="com.test.automation.UIAutomation.tests.CandidateHiredCycle" tests="11" time="0.003" ignored="0" failures="0" timestamp="14 May 2018 07:42:50 GMT" skipped="10" hostname="RIPLBRD50" errors="1">
  <testcase name="AddCandidateReferences" time="0.000" classname="com.test.automation.UIAutomation.tests.CandidateHiredCycle">
    <skipped/>
  </testcase> <!-- AddCandidateReferences -->
  <testcase name="searchRequirement" time="0.001" classname="com.test.automation.UIAutomation.tests.CandidateHiredCycle">
    <skipped/>
  </testcase> <!-- searchRequirement -->
  <testcase name="login" time="0.002" classname="com.test.automation.UIAutomation.tests.CandidateHiredCycle">
    <skipped/>
  </testcase> <!-- login -->
  <testcase name="interview" time="0.000" classname="com.test.automation.UIAutomation.tests.CandidateHiredCycle">
    <skipped/>
  </testcase> <!-- interview -->
  <testcase name="shortlisted" time="0.000" classname="com.test.automation.UIAutomation.tests.CandidateHiredCycle">
    <skipped/>
  </testcase> <!-- shortlisted -->
  <testcase name="offerRecived" time="0.000" classname="com.test.automation.UIAutomation.tests.CandidateHiredCycle">
    <skipped/>
  </testcase> <!-- offerRecived -->
  <testcase name="selectMatches" time="0.000" classname="com.test.automation.UIAutomation.tests.CandidateHiredCycle">
    <skipped/>
  </testcase> <!-- selectMatches -->
  <testcase name="submission" time="0.000" classname="com.test.automation.UIAutomation.tests.CandidateHiredCycle">
    <skipped/>
  </testcase> <!-- submission -->
  <testcase name="setUp1" time="0.000" classname="com.test.automation.UIAutomation.tests.CandidateHiredCycle">
    <error type="java.lang.NoSuchMethodError" message="org.openqa.selenium.chrome.ChromeOptions.setCapability(Ljava/lang/String;Z)V">
      <![CDATA[java.lang.NoSuchMethodError: org.openqa.selenium.chrome.ChromeOptions.setCapability(Ljava/lang/String;Z)V
	at com.test.automation.UIAutomation.testBase.LocalDriverFactory.initChromeDriver(LocalDriverFactory.java:84)
	at com.test.automation.UIAutomation.testBase.LocalDriverFactory.createInstance(LocalDriverFactory.java:50)
	at com.test.automation.UIAutomation.testBase.LocalDriverFactory.initilize(LocalDriverFactory.java:29)
	at com.test.automation.UIAutomation.testBase.TestBase.setDriver(TestBase.java:236)
	at com.test.automation.UIAutomation.testBase.TestBase.initializeTestBaseSetup(TestBase.java:226)
	at com.test.automation.UIAutomation.testBase.TestBase.setUp1(TestBase.java:211)
	at sun.reflect.NativeMethodAccessorImpl.invoke0(Native Method)
	at sun.reflect.NativeMethodAccessorImpl.invoke(NativeMethodAccessorImpl.java:62)
	at sun.reflect.DelegatingMethodAccessorImpl.invoke(DelegatingMethodAccessorImpl.java:43)
	at java.lang.reflect.Method.invoke(Method.java:498)
	at org.testng.internal.MethodInvocationHelper.invokeMethod(MethodInvocationHelper.java:104)
	at org.testng.internal.Invoker.invokeConfigurationMethod(Invoker.java:515)
	at org.testng.internal.Invoker.invokeConfigurations(Invoker.java:217)
	at org.testng.internal.Invoker.invokeConfigurations(Invoker.java:144)
	at org.testng.TestRunner.beforeRun(TestRunner.java:634)
	at org.testng.TestRunner.run(TestRunner.java:602)
	at org.testng.SuiteRunner.runTest(SuiteRunner.java:387)
	at org.testng.SuiteRunner.runSequentially(SuiteRunner.java:382)
	at org.testng.SuiteRunner.privateRun(SuiteRunner.java:340)
	at org.testng.SuiteRunner.run(SuiteRunner.java:289)
	at org.testng.SuiteRunnerWorker.runSuite(SuiteRunnerWorker.java:52)
	at org.testng.SuiteRunnerWorker.run(SuiteRunnerWorker.java:86)
	at org.testng.TestNG.runSuitesSequentially(TestNG.java:1293)
	at org.testng.TestNG.runSuitesLocally(TestNG.java:1218)
	at org.testng.TestNG.runSuites(TestNG.java:1133)
	at org.testng.TestNG.run(TestNG.java:1104)
	at org.testng.remote.AbstractRemoteTestNG.run(AbstractRemoteTestNG.java:126)
	at org.testng.remote.RemoteTestNG.initAndRun(RemoteTestNG.java:152)
	at org.testng.remote.RemoteTestNG.main(RemoteTestNG.java:57)
]]>
    </error>
  </testcase> <!-- setUp1 -->
  <testcase name="prospective" time="0.000" classname="com.test.automation.UIAutomation.tests.CandidateHiredCycle">
    <skipped/>
  </testcase> <!-- prospective -->
  <testcase name="assessment" time="0.000" classname="com.test.automation.UIAutomation.tests.CandidateHiredCycle">
    <skipped/>
  </testcase> <!-- assessment -->
</testsuite> <!-- com.test.automation.UIAutomation.tests.CandidateHiredCycle -->
