<?xml version="1.0" encoding="UTF-8"?>
<!-- Generated by org.testng.reporters.JUnitReportReporter -->
<testsuite name="com.test.automation.UIAutomation.tests.DashboardAdminHeaderTest" tests="5" time="0.003" ignored="0" failures="0" timestamp="08 May 2018 09:32:38 GMT" skipped="4" hostname="RIPLBRD50" errors="1">
  <testcase name="setUp1" time="0.000" classname="com.test.automation.UIAutomation.tests.DashboardAdminHeaderTest">
    <error type="java.lang.NoSuchMethodError" message="org.openqa.selenium.chrome.ChromeOptions.setCapability(Ljava/lang/String;Z)V">
      <![CDATA[java.lang.NoSuchMethodError: org.openqa.selenium.chrome.ChromeOptions.setCapability(Ljava/lang/String;Z)V
	at com.test.automation.UIAutomation.testBase.LocalDriverFactory.initChromeDriver(LocalDriverFactory.java:84)
	at com.test.automation.UIAutomation.testBase.LocalDriverFactory.createInstance(LocalDriverFactory.java:50)
	at com.test.automation.UIAutomation.testBase.LocalDriverFactory.initilize(LocalDriverFactory.java:29)
	at com.test.automation.UIAutomation.testBase.TestBase.setDriver(TestBase.java:236)
	at com.test.automation.UIAutomation.testBase.TestBase.initializeTestBaseSetup(TestBase.java:226)
	at com.test.automation.UIAutomation.testBase.TestBase.setUp1(TestBase.java:211)
	at sun.reflect.NativeMethodAccessorImpl.invoke0(Native Method)
	at sun.reflect.NativeMethodAccessorImpl.invoke(NativeMethodAccessorImpl.java:62)
	at sun.reflect.DelegatingMethodAccessorImpl.invoke(DelegatingMethodAccessorImpl.java:43)
	at java.lang.reflect.Method.invoke(Method.java:498)
	at org.testng.internal.MethodInvocationHelper.invokeMethod(MethodInvocationHelper.java:104)
	at org.testng.internal.Invoker.invokeConfigurationMethod(Invoker.java:515)
	at org.testng.internal.Invoker.invokeConfigurations(Invoker.java:217)
	at org.testng.internal.Invoker.invokeConfigurations(Invoker.java:144)
	at org.testng.TestRunner.beforeRun(TestRunner.java:634)
	at org.testng.TestRunner.run(TestRunner.java:602)
	at org.testng.SuiteRunner.runTest(SuiteRunner.java:387)
	at org.testng.SuiteRunner.access$000(SuiteRunner.java:39)
	at org.testng.SuiteRunner$SuiteWorker.run(SuiteRunner.java:421)
	at org.testng.internal.thread.ThreadUtil$2.call(ThreadUtil.java:64)
	at java.util.concurrent.FutureTask.run(FutureTask.java:266)
	at java.util.concurrent.ThreadPoolExecutor.runWorker(ThreadPoolExecutor.java:1142)
	at java.util.concurrent.ThreadPoolExecutor$Worker.run(ThreadPoolExecutor.java:617)
	at java.lang.Thread.run(Thread.java:745)
]]>
    </error>
  </testcase> <!-- setUp1 -->
  <testcase name="selectHeader" time="0.000" classname="com.test.automation.UIAutomation.tests.DashboardAdminHeaderTest">
    <skipped/>
  </testcase> <!-- selectHeader -->
  <testcase name="exportReport" time="0.000" classname="com.test.automation.UIAutomation.tests.DashboardAdminHeaderTest">
    <skipped/>
  </testcase> <!-- exportReport -->
  <testcase name="selctDashboardPage" time="0.000" classname="com.test.automation.UIAutomation.tests.DashboardAdminHeaderTest">
    <skipped/>
  </testcase> <!-- selctDashboardPage -->
  <testcase name="Logins" time="0.003" classname="com.test.automation.UIAutomation.tests.DashboardAdminHeaderTest">
    <skipped/>
  </testcase> <!-- Logins -->
</testsuite> <!-- com.test.automation.UIAutomation.tests.DashboardAdminHeaderTest -->
