<?xml version="1.0" encoding="UTF-8"?>
<!-- Generated by org.testng.reporters.JUnitReportReporter -->
<testsuite name="com.test.automation.UIAutomation.ruffwork.EmailTest" tests="1" time="11.834" ignored="0" failures="0" timestamp="30 May 2018 05:39:49 GMT" skipped="0" hostname="RIPLBRD50" errors="0">
  <testcase name="testMailSending" time="11.834" classname="com.test.automation.UIAutomation.ruffwork.EmailTest"/>
</testsuite> <!-- com.test.automation.UIAutomation.ruffwork.EmailTest -->
