<?xml version="1.0" encoding="UTF-8"?>
<!-- Generated by org.testng.reporters.JUnitReportReporter -->
<testsuite name="com.test.automation.UIAutomation.tests.VerifiyLoginWithDifferentRecords" tests="7" time="7.827" ignored="0" failures="0" timestamp="26 Jun 2018 07:02:43 GMT" skipped="5" hostname="RIPLBRD48" errors="0">
  <testcase name="verifiyLoginWithDifferentRecords" time="0.007" classname="com.test.automation.UIAutomation.tests.VerifiyLoginWithDifferentRecords">
    <skipped/>
  </testcase> <!-- verifiyLoginWithDifferentRecords -->
  <testcase name="verifiyLoginWithDifferentRecords" time="0.004" classname="com.test.automation.UIAutomation.tests.VerifiyLoginWithDifferentRecords">
    <skipped/>
  </testcase> <!-- verifiyLoginWithDifferentRecords -->
  <testcase name="verifiyLoginWithDifferentRecords" time="3.402" classname="com.test.automation.UIAutomation.tests.VerifiyLoginWithDifferentRecords"/>
  <testcase name="verifiyLoginWithDifferentRecords" time="0.002" classname="com.test.automation.UIAutomation.tests.VerifiyLoginWithDifferentRecords">
    <skipped/>
  </testcase> <!-- verifiyLoginWithDifferentRecords -->
  <testcase name="verifiyLoginWithDifferentRecords" time="0.008" classname="com.test.automation.UIAutomation.tests.VerifiyLoginWithDifferentRecords">
    <skipped/>
  </testcase> <!-- verifiyLoginWithDifferentRecords -->
  <testcase name="verifiyLoginWithDifferentRecords" time="4.399" classname="com.test.automation.UIAutomation.tests.VerifiyLoginWithDifferentRecords"/>
  <testcase name="verifiyLoginWithDifferentRecords" time="0.005" classname="com.test.automation.UIAutomation.tests.VerifiyLoginWithDifferentRecords">
    <skipped/>
  </testcase> <!-- verifiyLoginWithDifferentRecords -->
</testsuite> <!-- com.test.automation.UIAutomation.tests.VerifiyLoginWithDifferentRecords -->
